2026-07-15 17:43:25 - train_models - INFO - ============================================================
2026-07-15 17:43:25 - train_models - INFO - Iniciando entrenamiento de modelos
2026-07-15 17:43:25 - train_models - INFO - ============================================================
2026-07-15 17:43:25 - train_models - INFO - Cargando datos de entrenamiento...
2026-07-15 17:43:25 - train_models - ERROR - ❌ Error durante el entrenamiento: [Errno 2] No such file or directory: '/Users/josellanos/Documents/registros-software-CORHUILA/Registro-Software-Modelo-Antolinez/api_fastapi/../data/data-model-mslq-pretest-207.csv'
Traceback (most recent call last):
  File "/Users/josellanos/Documents/registros-software-CORHUILA/Registro-Software-Modelo-Antolinez/api_fastapi/train_models.py", line 35, in main
    data = model_manager.load_training_data("data-model-mslq-pretest-207.csv")
           ^^^^^^^^^^^^^^^^^^^^^^^^^^^^^^^^^^^^^^^^^^^^^^^^^^^^^^^^^^^^^^^^^^^
  File "/Users/josellanos/Documents/registros-software-CORHUILA/Registro-Software-Modelo-Antolinez/api_fastapi/app/models/model_loader.py", line 50, in load_training_data
    data = pd.read_csv(csv_path, sep=";")
           ^^^^^^^^^^^^^^^^^^^^^^^^^^^^^^
  File "/Library/Frameworks/Python.framework/Versions/3.12/lib/python3.12/site-packages/pandas/io/parsers/readers.py", line 948, in read_csv
    return _read(filepath_or_buffer, kwds)
           ^^^^^^^^^^^^^^^^^^^^^^^^^^^^^^^
  File "/Library/Frameworks/Python.framework/Versions/3.12/lib/python3.12/site-packages/pandas/io/parsers/readers.py", line 611, in _read
    parser = TextFileReader(filepath_or_buffer, **kwds)
             ^^^^^^^^^^^^^^^^^^^^^^^^^^^^^^^^^^^^^^^^^^
  File "/Library/Frameworks/Python.framework/Versions/3.12/lib/python3.12/site-packages/pandas/io/parsers/readers.py", line 1448, in __init__
    self._engine = self._make_engine(f, self.engine)
                   ^^^^^^^^^^^^^^^^^^^^^^^^^^^^^^^^^
  File "/Library/Frameworks/Python.framework/Versions/3.12/lib/python3.12/site-packages/pandas/io/parsers/readers.py", line 1705, in _make_engine
    self.handles = get_handle(
                   ^^^^^^^^^^^
  File "/Library/Frameworks/Python.framework/Versions/3.12/lib/python3.12/site-packages/pandas/io/common.py", line 863, in get_handle
    handle = open(
             ^^^^^
FileNotFoundError: [Errno 2] No such file or directory: '/Users/josellanos/Documents/registros-software-CORHUILA/Registro-Software-Modelo-Antolinez/api_fastapi/../data/data-model-mslq-pretest-207.csv'
2026-07-15 17:44:25 - train_models - INFO - ============================================================
2026-07-15 17:44:25 - train_models - INFO - Iniciando entrenamiento de modelos
2026-07-15 17:44:25 - train_models - INFO - ============================================================
2026-07-15 17:44:25 - train_models - INFO - Cargando datos de entrenamiento...
2026-07-15 17:44:25 - train_models - ERROR - ❌ Error durante el entrenamiento: [Errno 2] No such file or directory: '/Users/josellanos/Documents/registros-software-CORHUILA/Registro-Software-Modelo-Antolinez/data/data-model-mslq-pretest-207.csv'
Traceback (most recent call last):
  File "/Users/josellanos/Documents/registros-software-CORHUILA/Registro-Software-Modelo-Antolinez/api_fastapi/train_models.py", line 35, in main
    data = model_manager.load_training_data("data-model-mslq-pretest-207.csv")
           ^^^^^^^^^^^^^^^^^^^^^^^^^^^^^^^^^^^^^^^^^^^^^^^^^^^^^^^^^^^^^^^^^^^
  File "/Users/josellanos/Documents/registros-software-CORHUILA/Registro-Software-Modelo-Antolinez/api_fastapi/app/models/model_loader.py", line 43, in load_training_data
    data = pd.read_csv(csv_path, sep=";")
           ^^^^^^^^^^^^^^^^^^^^^^^^^^^^^^
  File "/Library/Frameworks/Python.framework/Versions/3.12/lib/python3.12/site-packages/pandas/io/parsers/readers.py", line 948, in read_csv
    return _read(filepath_or_buffer, kwds)
           ^^^^^^^^^^^^^^^^^^^^^^^^^^^^^^^
  File "/Library/Frameworks/Python.framework/Versions/3.12/lib/python3.12/site-packages/pandas/io/parsers/readers.py", line 611, in _read
    parser = TextFileReader(filepath_or_buffer, **kwds)
             ^^^^^^^^^^^^^^^^^^^^^^^^^^^^^^^^^^^^^^^^^^
  File "/Library/Frameworks/Python.framework/Versions/3.12/lib/python3.12/site-packages/pandas/io/parsers/readers.py", line 1448, in __init__
    self._engine = self._make_engine(f, self.engine)
                   ^^^^^^^^^^^^^^^^^^^^^^^^^^^^^^^^^
  File "/Library/Frameworks/Python.framework/Versions/3.12/lib/python3.12/site-packages/pandas/io/parsers/readers.py", line 1705, in _make_engine
    self.handles = get_handle(
                   ^^^^^^^^^^^
  File "/Library/Frameworks/Python.framework/Versions/3.12/lib/python3.12/site-packages/pandas/io/common.py", line 863, in get_handle
    handle = open(
             ^^^^^
FileNotFoundError: [Errno 2] No such file or directory: '/Users/josellanos/Documents/registros-software-CORHUILA/Registro-Software-Modelo-Antolinez/data/data-model-mslq-pretest-207.csv'
2026-07-15 17:45:49 - train_models - INFO - ============================================================
2026-07-15 17:45:49 - train_models - INFO - Iniciando entrenamiento de modelos
2026-07-15 17:45:49 - train_models - INFO - ============================================================
2026-07-15 17:45:49 - train_models - INFO - Cargando datos de entrenamiento...
2026-07-15 17:45:49 - train_models - ERROR - ❌ Error durante el entrenamiento: [Errno 2] No such file or directory: '/Users/josellanos/Documents/registros-software-CORHUILA/Registro-Software-Modelo-Antolinez/data/data-model-mslq-pretest-207.csv'
Traceback (most recent call last):
  File "/Users/josellanos/Documents/registros-software-CORHUILA/Registro-Software-Modelo-Antolinez/api_fastapi/train_models.py", line 39, in main
    data = model_manager.load_training_data("data-model-mslq-pretest-207.csv")
           ^^^^^^^^^^^^^^^^^^^^^^^^^^^^^^^^^^^^^^^^^^^^^^^^^^^^^^^^^^^^^^^^^^^
  File "/Users/josellanos/Documents/registros-software-CORHUILA/Registro-Software-Modelo-Antolinez/api_fastapi/app/models/model_loader.py", line 43, in load_training_data
    data = pd.read_csv(csv_path, sep=";")
           ^^^^^^^^^^^^^^^^^^^^^^^^^^^^^^
  File "/Library/Frameworks/Python.framework/Versions/3.12/lib/python3.12/site-packages/pandas/io/parsers/readers.py", line 948, in read_csv
    return _read(filepath_or_buffer, kwds)
           ^^^^^^^^^^^^^^^^^^^^^^^^^^^^^^^
  File "/Library/Frameworks/Python.framework/Versions/3.12/lib/python3.12/site-packages/pandas/io/parsers/readers.py", line 611, in _read
    parser = TextFileReader(filepath_or_buffer, **kwds)
             ^^^^^^^^^^^^^^^^^^^^^^^^^^^^^^^^^^^^^^^^^^
  File "/Library/Frameworks/Python.framework/Versions/3.12/lib/python3.12/site-packages/pandas/io/parsers/readers.py", line 1448, in __init__
    self._engine = self._make_engine(f, self.engine)
                   ^^^^^^^^^^^^^^^^^^^^^^^^^^^^^^^^^
  File "/Library/Frameworks/Python.framework/Versions/3.12/lib/python3.12/site-packages/pandas/io/parsers/readers.py", line 1705, in _make_engine
    self.handles = get_handle(
                   ^^^^^^^^^^^
  File "/Library/Frameworks/Python.framework/Versions/3.12/lib/python3.12/site-packages/pandas/io/common.py", line 863, in get_handle
    handle = open(
             ^^^^^
FileNotFoundError: [Errno 2] No such file or directory: '/Users/josellanos/Documents/registros-software-CORHUILA/Registro-Software-Modelo-Antolinez/data/data-model-mslq-pretest-207.csv'
2026-07-15 17:46:31 - train_models - INFO - ============================================================
2026-07-15 17:46:31 - train_models - INFO - Iniciando entrenamiento de modelos
2026-07-15 17:46:31 - train_models - INFO - ============================================================
2026-07-15 17:46:31 - train_models - INFO - Cargando datos de entrenamiento...
2026-07-15 17:46:31 - train_models - ERROR - ❌ Error durante el entrenamiento: [Errno 2] No such file or directory: '../data/data-model-mslq-pretest-207.csv'
Traceback (most recent call last):
  File "/Users/josellanos/Documents/registros-software-CORHUILA/Registro-Software-Modelo-Antolinez/api_fastapi/train_models.py", line 39, in main
    data = model_manager.load_training_data("data-model-mslq-pretest-207.csv")
           ^^^^^^^^^^^^^^^^^^^^^^^^^^^^^^^^^^^^^^^^^^^^^^^^^^^^^^^^^^^^^^^^^^^
  File "/Users/josellanos/Documents/registros-software-CORHUILA/Registro-Software-Modelo-Antolinez/api_fastapi/app/models/model_loader.py", line 43, in load_training_data
    data = pd.read_csv(csv_path, sep=";")
           ^^^^^^^^^^^^^^^^^^^^^^^^^^^^^^
  File "/Library/Frameworks/Python.framework/Versions/3.12/lib/python3.12/site-packages/pandas/io/parsers/readers.py", line 948, in read_csv
    return _read(filepath_or_buffer, kwds)
           ^^^^^^^^^^^^^^^^^^^^^^^^^^^^^^^
  File "/Library/Frameworks/Python.framework/Versions/3.12/lib/python3.12/site-packages/pandas/io/parsers/readers.py", line 611, in _read
    parser = TextFileReader(filepath_or_buffer, **kwds)
             ^^^^^^^^^^^^^^^^^^^^^^^^^^^^^^^^^^^^^^^^^^
  File "/Library/Frameworks/Python.framework/Versions/3.12/lib/python3.12/site-packages/pandas/io/parsers/readers.py", line 1448, in __init__
    self._engine = self._make_engine(f, self.engine)
                   ^^^^^^^^^^^^^^^^^^^^^^^^^^^^^^^^^
  File "/Library/Frameworks/Python.framework/Versions/3.12/lib/python3.12/site-packages/pandas/io/parsers/readers.py", line 1705, in _make_engine
    self.handles = get_handle(
                   ^^^^^^^^^^^
  File "/Library/Frameworks/Python.framework/Versions/3.12/lib/python3.12/site-packages/pandas/io/common.py", line 863, in get_handle
    handle = open(
             ^^^^^
FileNotFoundError: [Errno 2] No such file or directory: '../data/data-model-mslq-pretest-207.csv'
2026-07-15 17:46:58 - train_models - INFO - ============================================================
2026-07-15 17:46:58 - train_models - INFO - Iniciando entrenamiento de modelos
2026-07-15 17:46:58 - train_models - INFO - ============================================================
2026-07-15 17:46:58 - train_models - INFO - Cargando datos de entrenamiento...
2026-07-15 17:46:58 - train_models - INFO - Preprocesando datos...
2026-07-15 17:46:58 - train_models - INFO - 
============================================================
2026-07-15 17:46:58 - train_models - INFO - ENTRENANDO MODELO SEMANA 4
2026-07-15 17:46:58 - train_models - INFO - ============================================================
2026-07-15 17:46:58 - train_models - INFO - 
============================================================
2026-07-15 17:46:58 - train_models - INFO - ENTRENANDO MODELO SEMANA 8
2026-07-15 17:46:58 - train_models - INFO - ============================================================
2026-07-15 17:46:58 - train_models - INFO - 
============================================================
2026-07-15 17:46:58 - train_models - INFO - ENTRENANDO MODELO SEMANA 12
2026-07-15 17:46:58 - train_models - INFO - ============================================================
2026-07-15 17:46:58 - train_models - INFO - 
============================================================
2026-07-15 17:46:58 - train_models - INFO - ✅ Entrenamiento completado exitosamente
2026-07-15 17:46:58 - train_models - INFO - ============================================================
